

Microchip MPLAB XC8 Assembler V3.00 build 20241204225717 
                                                                                                           Tue Apr 29 11:40:42 2025


     1                           	processor	18F47K42
     2                           	pagewidth 132
     3                           	psect	const,global,reloc=2,class=CONST,space=0,delta=1,noexec
     4                           	psect	smallconst,global,reloc=2,class=SMALLCONST,space=0,delta=1,noexec
     5                           	psect	mediumconst,global,reloc=2,class=MEDIUMCONST,space=0,delta=1,noexec
     6                           	psect	rbss,global,class=COMRAM,space=1,delta=1,noexec
     7                           	psect	bss,global,class=RAM,space=1,delta=1,noexec
     8                           	psect	rdata,global,class=COMRAM,space=1,delta=1,noexec
     9                           	psect	irdata,global,reloc=2,class=CODE,space=0,delta=1,noexec
    10                           	psect	data,global,class=RAM,space=1,delta=1,noexec
    11                           	psect	idata,global,reloc=2,class=CODE,space=0,delta=1,noexec
    12                           	psect	nvrram,global,class=COMRAM,space=1,delta=1,noexec
    13                           	psect	nvbit,global,bit,class=COMRAM,space=1,delta=1,noexec
    14                           	psect	temp,global,ovrld,class=COMRAM,space=1,delta=1,noexec
    15                           	psect	struct,global,ovrld,class=COMRAM,space=1,delta=1,noexec
    16                           	psect	rbit,global,bit,class=COMRAM,space=1,delta=1,noexec
    17                           	psect	bigbss,global,class=BIGRAM,space=1,delta=1,noexec
    18                           	psect	bigdata,global,class=BIGRAM,space=1,delta=1,noexec
    19                           	psect	ibigdata,global,reloc=2,class=CODE,space=0,delta=1,noexec
    20                           	psect	farbss,global,reloc=2,class=FARRAM,space=0,delta=1,noexec
    21                           	psect	nvFARRAM,global,reloc=2,class=FARRAM,space=0,delta=1,noexec
    22                           	psect	fardata,global,reloc=2,class=FARRAM,space=0,delta=1,noexec
    23                           	psect	ifardata,global,reloc=2,class=CODE,space=0,delta=1,noexec
    24                           	psect	reset_vec,global,reloc=2,class=CODE,space=0,delta=1
    25                           	psect	powerup,global,reloc=2,class=CODE,space=0,delta=1
    26                           	psect	init,global,reloc=2,class=CODE,space=0,delta=1
    27                           	psect	text,global,reloc=2,class=CODE,space=0,delta=1
    28                           	psect	clrtext,global,reloc=2,class=CODE,space=0,delta=1
    29                           	psect	config,global,class=CONFIG,space=4,delta=1,noexec
    30                           	psect	idloc,global,class=IDLOC,space=5,delta=1,noexec
    31                           	psect	eeprom_data,global,class=EEDATA,space=0,delta=1,noexec
    32                           	psect	ramtop,global,class=RAM,space=0,delta=1,noexec
    33                           	psect	stack,global,class=STACK,space=2,delta=1,noexec
    34                           	psect	heap,global,class=HEAP,space=7,delta=1,noexec
    35                           	psect	comram,global,class=COMRAM,space=1,delta=1
    36                           	psect	abs1,global,class=ABS1,space=1,delta=1
    37                           	psect	bigram,global,class=BIGRAM,space=1,delta=1
    38                           	psect	ram,global,class=RAM,space=1,delta=1
    39                           	psect	bank0,global,class=BANK0,space=1,delta=1
    40                           	psect	bank1,global,class=BANK1,space=1,delta=1
    41                           	psect	bank2,global,class=BANK2,space=1,delta=1
    42                           	psect	bank3,global,class=BANK3,space=1,delta=1
    43                           	psect	bank4,global,class=BANK4,space=1,delta=1
    44                           	psect	bank5,global,class=BANK5,space=1,delta=1
    45                           	psect	bank6,global,class=BANK6,space=1,delta=1
    46                           	psect	bank7,global,class=BANK7,space=1,delta=1
    47                           	psect	bank8,global,class=BANK8,space=1,delta=1
    48                           	psect	bank9,global,class=BANK9,space=1,delta=1
    49                           	psect	bank10,global,class=BANK10,space=1,delta=1
    50                           	psect	bank11,global,class=BANK11,space=1,delta=1
    51                           	psect	bank12,global,class=BANK12,space=1,delta=1
    52                           	psect	bank13,global,class=BANK13,space=1,delta=1
    53                           	psect	bank14,global,class=BANK14,space=1,delta=1
    54                           	psect	bank15,global,class=BANK15,space=1,delta=1
    55                           	psect	bank16,global,class=BANK16,space=1,delta=1
    56                           	psect	bank17,global,class=BANK17,space=1,delta=1
    57                           	psect	bank18,global,class=BANK18,space=1,delta=1
    58                           	psect	bank19,global,class=BANK19,space=1,delta=1
    59                           	psect	bank20,global,class=BANK20,space=1,delta=1
    60                           	psect	bank21,global,class=BANK21,space=1,delta=1
    61                           	psect	bank22,global,class=BANK22,space=1,delta=1
    62                           	psect	bank23,global,class=BANK23,space=1,delta=1
    63                           	psect	bank24,global,class=BANK24,space=1,delta=1
    64                           	psect	bank25,global,class=BANK25,space=1,delta=1
    65                           	psect	bank26,global,class=BANK26,space=1,delta=1
    66                           	psect	bank27,global,class=BANK27,space=1,delta=1
    67                           	psect	bank28,global,class=BANK28,space=1,delta=1
    68                           	psect	bank29,global,class=BANK29,space=1,delta=1
    69                           	psect	bank30,global,class=BANK30,space=1,delta=1
    70                           	psect	bank31,global,class=BANK31,space=1,delta=1
    71                           	psect	sfr,global,class=SFR,space=1,delta=1
    72                           	psect	bigsfr,global,class=BIGSFR,space=1,delta=1
    73                           
    74                           ; Microchip MPLAB XC8 C Compiler V3.00
    75                           ; Copyright (C) 2024 Microchip Technology Inc.
    76                           ; Auto-generated runtime startup code for final link stage.
    77                           ;
    78                           ; Compiler options:
    79                           ;
    80                           ; -q --opt=none --chip=18f47k42 \
    81                           ; -Mdist/default/production/Assignment9.X.production.map \
    82                           ; -DXPRJ_default=default -L--defsym=__MPLAB_BUILD=1 \
    83                           ; --dfp=C:/Program Files/Microchip/MPLABX/v6.20/packs/Microchip/PIC18F-K_DFP/1.13.292/xc8 \
    84                           ; --opt=+asmfile --addrqual=ignore -P --warn=-3 --asmlist --std=c99 \
    85                           ; --output=+elf:multilocs --stack=compiled:auto:auto:auto \
    86                           ; --summary=+xml --summarydir=dist/default/production/memoryfile.xml \
    87                           ; -oAssignment9.X.production.elf --objdir=dist/default/production \
    88                           ; --outdir=dist/default/production build/default/production/main.p1 \
    89                           ; -L--fixupoverflow=error --callgraph=none \
    90                           ; --errformat=%f:%l:%c: error: (%n) %s \
    91                           ; --warnformat=%f:%l:%c: warning: (%n) %s \
    92                           ; --msgformat=%f:%l:%c: advisory: (%n) %s
    93                           ;
    94   000000                     
    95                           ; Generated 12/10/2023 GMT
    96                           ; 
    97                           ; Copyright © 2023, Microchip Technology Inc. and its subsidiaries ("Microchip")
    98                           ; All rights reserved.
    99                           ; 
   100                           ; This software is developed by Microchip Technology Inc. and its subsidiaries ("Microchip").
   101                           ; 
   102                           ; Redistribution and use in source and binary forms, with or without modification, are
   103                           ; permitted provided that the following conditions are met:
   104                           ; 
   105                           ;     1. Redistributions of source code must retain the above copyright notice, this list of
   106                           ;        conditions and the following disclaimer.
   107                           ; 
   108                           ;     2. Redistributions in binary form must reproduce the above copyright notice, this list
   109                           ;        of conditions and the following disclaimer in the documentation and/or other
   110                           ;        materials provided with the distribution. Publication is not required when
   111                           ;        this file is used in an embedded application.
   112                           ; 
   113                           ;     3. Microchip's name may not be used to endorse or promote products derived from this
   114                           ;        software without specific prior written permission.
   115                           ; 
   116                           ; THIS SOFTWARE IS PROVIDED BY MICROCHIP "AS IS" AND ANY EXPRESS OR IMPLIED WARRANTIES,
   117                           ; INCLUDING, BUT NOT LIMITED TO, THE IMPLIED WARRANTIES OF MERCHANTABILITY AND FITNESS FOR
   118                           ; PURPOSE ARE DISCLAIMED.  IN NO EVENT SHALL MICROCHIP BE LIABLE FOR ANY DIRECT, INDIRECT,
   119                           ; INCIDENTAL, SPECIAL, EXEMPLARY, OR CONSEQUENTIAL DAMAGES (INCLUDING BUT NOT LIMITED TO
   120                           ; PROCUREMENT OF SUBSTITUTE GOODS OR SERVICES; LOSS OF USE, DATA OR PROFITS; OR BUSINESS
   121                           ; INTERRUPTION) HOWSOEVER CAUSED AND ON ANY THEORY OF LIABILITY, WHETHER IN CONTRACT, STRICT
   122                           ; LIABILITY, OR TORT (INCLUDING NEGLIGENCE OR OTHERWISE) ARISING IN ANY WAY OUT OF THE USE OF
   123                           ; THIS SOFTWARE, EVEN IF ADVISED OF THE POSSIBILITY OF SUCH DAMAGE.
   124                           ; 
   125                           ; 
   126                           ; Code-generator required, PIC18F47K42 Definitions
   127                           ; 
   128                           ; SFR Addresses
   129   003FE0                     bsr             equ	16352
   130   003FE9                     fsr0            equ	16361
   131   003FEA                     fsr0h           equ	16362
   132   003FE9                     fsr0l           equ	16361
   133   003FE1                     fsr1            equ	16353
   134   003FE2                     fsr1h           equ	16354
   135   003FE1                     fsr1l           equ	16353
   136   003FD9                     fsr2            equ	16345
   137   003FDA                     fsr2h           equ	16346
   138   003FD9                     fsr2l           equ	16345
   139   003FEF                     indf0           equ	16367
   140   003FE7                     indf1           equ	16359
   141   003FDF                     indf2           equ	16351
   142   003FD2                     intcon          equ	16338
   143   0039E5                     nvmcon          equ	14821
   144   003FF9                     pcl             equ	16377
   145   003FFA                     pclath          equ	16378
   146   003FFB                     pclatu          equ	16379
   147   003FEB                     plusw0          equ	16363
   148   003FE3                     plusw1          equ	16355
   149   003FDB                     plusw2          equ	16347
   150   003FED                     postdec0        equ	16365
   151   003FE5                     postdec1        equ	16357
   152   003FDD                     postdec2        equ	16349
   153   003FEE                     postinc0        equ	16366
   154   003FE6                     postinc1        equ	16358
   155   003FDE                     postinc2        equ	16350
   156   003FEC                     preinc0         equ	16364
   157   003FE4                     preinc1         equ	16356
   158   003FDC                     preinc2         equ	16348
   159   003FF3                     prod            equ	16371
   160   003FF4                     prodh           equ	16372
   161   003FF3                     prodl           equ	16371
   162   003FD8                     status          equ	16344
   163   003FF5                     tablat          equ	16373
   164   003FF6                     tblptr          equ	16374
   165   003FF7                     tblptrh         equ	16375
   166   003FF6                     tblptrl         equ	16374
   167   003FF8                     tblptru         equ	16376
   168   003FFD                     tosl            equ	16381
   169   003FE8                     wreg            equ	16360
   170   000001                     pic18cxx        equ	1
   171                           
   172                           	psect	reset_vec
   173   000000                     
   174                           ; No powerup routine
   175                           ; jump to start
   176   000000  EF57  F000         	goto	start
   177   000060                     __accesstop     equ	96
   178                           
   179                           ;Initialize the stack pointer (FSR1)
   180   000000                     stacklo         equ	0
   181   000000                     stackhi         equ	0
   182                           
   183                           	psect	init
   184   0000AE                     start:
   185                           	callstack 0
   186   0000AE  EFD5  F025         	goto	start_initialization	;jump to C runtime clear & initialization
   187                           
   188                           	psect	text
   189   000000                     intlevel0:
   190                           	callstack 0
   191   000000                     intlevel1:
   192                           	callstack 0
   193   000000                     intlevel2:
   194                           	callstack 0
   195   000000                     intlevel3:
   196                           	callstack 0	; top of RAM usage
   197                           
   198                           	psect	ramtop
   199   002000                     __ramtop:
   200                           	callstack 0
   201                           
   202                           	psect	stack
   203   000000                     ___sp:
   204                           	callstack 0
   205   000000                     ___inthi_sp:
   206                           	callstack 0
   207   000000                     ___intlo_sp:
   208                           	callstack 0
   209   000000                     ___stack_lo:
   210                           	callstack 0
   211   000000                     ___stack_hi:
   212                           	callstack 0
   213   000000                     ___inthi_stack_lo:
   214                           	callstack 0
   215   000000                     ___inthi_stack_hi:
   216                           	callstack 0
   217   000000                     ___intlo_stack_lo:
   218                           	callstack 0
   219   000000                     ___intlo_stack_hi:
   220                           	callstack 0
   221                           
   222                           ; No heap to be allocated
   223                           
   224                           	psect	heap
   225   000000                     ___heap_lo      equ	0
   226   000000                     ___heap_hi      equ	0
   227                           tosu	equ	0x3FFF
   228                           tosh	equ	0x3FFE
   229                           tosl	equ	0x3FFD
   230                           stkptr	equ	0x3FFC
   231                           pclatu	equ	0x3FFB
   232                           pclath	equ	0x3FFA
   233                           pcl	equ	0x3FF9
   234                           tblptru	equ	0x3FF8
   235                           tblptrh	equ	0x3FF7
   236                           tblptrl	equ	0x3FF6
   237                           tablat	equ	0x3FF5
   238                           prodh	equ	0x3FF4
   239                           prodl	equ	0x3FF3
   240                           indf0	equ	0x3FEF
   241                           postinc0	equ	0x3FEE
   242                           postdec0	equ	0x3FED
   243                           preinc0	equ	0x3FEC
   244                           plusw0	equ	0x3FEB
   245                           fsr0h	equ	0x3FEA
   246                           fsr0l	equ	0x3FE9
   247                           wreg	equ	0x3FE8
   248                           indf1	equ	0x3FE7
   249                           postinc1	equ	0x3FE6
   250                           postdec1	equ	0x3FE5
   251                           preinc1	equ	0x3FE4
   252                           plusw1	equ	0x3FE3
   253                           fsr1h	equ	0x3FE2
   254                           fsr1l	equ	0x3FE1
   255                           bsr	equ	0x3FE0
   256                           indf2	equ	0x3FDF
   257                           postinc2	equ	0x3FDE
   258                           postdec2	equ	0x3FDD
   259                           preinc2	equ	0x3FDC
   260                           plusw2	equ	0x3FDB
   261                           fsr2h	equ	0x3FDA
   262                           fsr2l	equ	0x3FD9
   263                           status	equ	0x3FD8


Microchip Technology PIC18 Macro Assembler V3.00 build 20241204225717 
Symbol Table                                                                                               Tue Apr 29 11:40:42 2025

                __S1 0150                 ___sp 0000                 _main 4C48                 start 00AE  
              __HRAM 0000                __LRAM 0001               isa$std 0001     ___inthi_stack_hi 0000  
   ___inthi_stack_lo 0000               stackhi 0000               stacklo 0000           __accesstop 0060  
         ___inthi_sp 0000           ___intlo_sp 0000           ___stack_hi 0000           ___stack_lo 0000  
   ___intlo_stack_hi 0000     ___intlo_stack_lo 0000              __ramtop 2000  start_initialization 4BAA  
          ___heap_hi 0000            ___heap_lo 0000             isa$xinst 0000             intlevel0 0000  
           intlevel1 0000             intlevel2 0000             intlevel3 0000             reset_vec 0000  
